<?xml version="1.0" encoding="utf-8"?><testsuites name="pytest tests"><testsuite name="pytest" errors="0" failures="0" skipped="0" tests="14" time="2.792" timestamp="2026-04-22T10:35:49.954388+00:00" hostname="agent-env-85e34513-3f0d-49b7-9bb7-07145c71f81f"><testcase classname="backend.tests.backend_test" name="test_root_alive" time="0.320" /><testcase classname="backend.tests.backend_test" name="test_waitlist_create_201_and_lowercases_email" time="0.140" /><testcase classname="backend.tests.backend_test" name="test_waitlist_duplicate_returns_409" time="0.220" /><testcase classname="backend.tests.backend_test" name="test_waitlist_same_email_different_role_allowed" time="0.283" /><testcase classname="backend.tests.backend_test" name="test_waitlist_invalid_email_422" time="0.133" /><testcase classname="backend.tests.backend_test" name="test_waitlist_invalid_role_422" time="0.106" /><testcase classname="backend.tests.backend_test" name="test_waitlist_all_roles_accepted[athlete]" time="0.101" /><testcase classname="backend.tests.backend_test" name="test_waitlist_all_roles_accepted[recruiter]" time="0.106" /><testcase classname="backend.tests.backend_test" name="test_waitlist_all_roles_accepted[coach]" time="0.141" /><testcase classname="backend.tests.backend_test" name="test_waitlist_all_roles_accepted[scout]" time="0.115" /><testcase classname="backend.tests.backend_test" name="test_waitlist_all_roles_accepted[academy]" time="0.155" /><testcase classname="backend.tests.backend_test" name="test_waitlist_all_roles_accepted[sponsor]" time="0.111" /><testcase classname="backend.tests.backend_test" name="test_waitlist_stats_shape_and_increments" time="0.432" /><testcase classname="backend.tests.backend_test" name="test_status_post_and_get" time="0.284" /></testsuite></testsuites>